games=5595
features=899
stage=univariate_ranking
stage=single_feature_cv
single_feature_progress=50/899
single_feature_progress=100/899
single_feature_progress=150/899
single_feature_progress=200/899
single_feature_progress=250/899
single_feature_progress=300/899
single_feature_progress=350/899
single_feature_progress=400/899
single_feature_progress=450/899
single_feature_progress=500/899
single_feature_progress=550/899
single_feature_progress=600/899
single_feature_progress=650/899
single_feature_progress=700/899
single_feature_progress=750/899
single_feature_progress=800/899
single_feature_progress=850/899
single_feature_progress=899/899
stage=group_singles
stage=exhaustive_group_combos
group_combo_tests=1023
stage=top_feature_sweeps
stage=pairwise_combos
pair_progress=100/780
pair_progress=200/780
pair_progress=300/780
pair_progress=400/780
pair_progress=500/780
pair_progress=600/780
pair_progress=700/780
pair_progress=780/780
stage=triple_combos
triple_progress=100/1140
triple_progress=200/1140
triple_progress=300/1140
triple_progress=400/1140
triple_progress=500/1140
triple_progress=600/1140
triple_progress=700/1140
triple_progress=800/1140
triple_progress=900/1140
triple_progress=1000/1140
triple_progress=1100/1140
triple_progress=1140/1140
stage=group_ablation
stage=greedy_group_search
stage=complete
best_group_combo_accuracy=0.5745
best_group_combo=park,run-prevention,schedule,starter
best_single_feature=home_starter_xfip
best_single_accuracy=0.5577
greedy_accuracy=0.5734
