games=5595
features_total=899
top_n=200
stage=all_singles_top200
candidate_progress=200/200
stage=all_pairs_top200
candidate_progress=500/19900
candidate_progress=1000/19900
candidate_progress=1500/19900
candidate_progress=2000/19900
candidate_progress=2500/19900
candidate_progress=3000/19900
candidate_progress=3500/19900
candidate_progress=4000/19900
candidate_progress=4500/19900
candidate_progress=5000/19900
candidate_progress=5500/19900
candidate_progress=6000/19900
candidate_progress=6500/19900
candidate_progress=7000/19900
candidate_progress=7500/19900
candidate_progress=8000/19900
candidate_progress=8500/19900
candidate_progress=9000/19900
candidate_progress=9500/19900
candidate_progress=10000/19900
candidate_progress=10500/19900
candidate_progress=11000/19900
candidate_progress=11500/19900
candidate_progress=12000/19900
candidate_progress=12500/19900
candidate_progress=13000/19900
candidate_progress=13500/19900
candidate_progress=14000/19900
candidate_progress=14500/19900
candidate_progress=15000/19900
candidate_progress=15500/19900
candidate_progress=16000/19900
candidate_progress=16500/19900
candidate_progress=17000/19900
candidate_progress=17500/19900
candidate_progress=18000/19900
candidate_progress=18500/19900
candidate_progress=19000/19900
candidate_progress=19500/19900
candidate_progress=19900/19900
stage=random_subsets_top200
candidate_progress=500/2000
candidate_progress=1000/2000
candidate_progress=1500/2000
candidate_progress=2000/2000
stage=beam_search_top200
candidate_progress=200/200
beam_size=2 candidates=3064
candidate_progress=500/3064
candidate_progress=1000/3064
candidate_progress=1500/3064
candidate_progress=2000/3064
candidate_progress=2500/3064
candidate_progress=3000/3064
candidate_progress=3064/3064
beam_size=3 candidates=3124
candidate_progress=500/3124
candidate_progress=1000/3124
candidate_progress=1500/3124
candidate_progress=2000/3124
candidate_progress=2500/3124
candidate_progress=3000/3124
candidate_progress=3124/3124
beam_size=4 candidates=3032
candidate_progress=500/3032
candidate_progress=1000/3032
candidate_progress=1500/3032
candidate_progress=2000/3032
candidate_progress=2500/3032
candidate_progress=3000/3032
candidate_progress=3032/3032
beam_size=5 candidates=3016
candidate_progress=500/3016
candidate_progress=1000/3016
candidate_progress=1500/3016
candidate_progress=2000/3016
candidate_progress=2500/3016
candidate_progress=3000/3016
candidate_progress=3016/3016
beam_size=6 candidates=3000
candidate_progress=500/3000
candidate_progress=1000/3000
candidate_progress=1500/3000
candidate_progress=2000/3000
candidate_progress=2500/3000
candidate_progress=3000/3000
beam_size=7 candidates=2984
candidate_progress=500/2984
candidate_progress=1000/2984
candidate_progress=1500/2984
candidate_progress=2000/2984
candidate_progress=2500/2984
candidate_progress=2984/2984
beam_size=8 candidates=3024
candidate_progress=500/3024
candidate_progress=1000/3024
candidate_progress=1500/3024
candidate_progress=2000/3024
candidate_progress=2500/3024
candidate_progress=3000/3024
candidate_progress=3024/3024
beam_size=9 candidates=3008
candidate_progress=500/3008
candidate_progress=1000/3008
candidate_progress=1500/3008
candidate_progress=2000/3008
candidate_progress=2500/3008
candidate_progress=3000/3008
candidate_progress=3008/3008
beam_size=10 candidates=2950
candidate_progress=500/2950
candidate_progress=1000/2950
candidate_progress=1500/2950
candidate_progress=2000/2950
candidate_progress=2500/2950
candidate_progress=2950/2950
beam_size=11 candidates=2946
candidate_progress=500/2946
candidate_progress=1000/2946
candidate_progress=1500/2946
candidate_progress=2000/2946
candidate_progress=2500/2946
candidate_progress=2946/2946
beam_size=12 candidates=2940
candidate_progress=500/2940
candidate_progress=1000/2940
candidate_progress=1500/2940
candidate_progress=2000/2940
candidate_progress=2500/2940
candidate_progress=2940/2940
beam_size=13 candidates=2932
candidate_progress=500/2932
candidate_progress=1000/2932
candidate_progress=1500/2932
candidate_progress=2000/2932
candidate_progress=2500/2932
candidate_progress=2932/2932
beam_size=14 candidates=2922
candidate_progress=500/2922
candidate_progress=1000/2922
candidate_progress=1500/2922
candidate_progress=2000/2922
candidate_progress=2500/2922
candidate_progress=2922/2922
beam_size=15 candidates=2912
candidate_progress=500/2912
candidate_progress=1000/2912
candidate_progress=1500/2912
candidate_progress=2000/2912
candidate_progress=2500/2912
candidate_progress=2912/2912
beam_size=16 candidates=2896
candidate_progress=500/2896
candidate_progress=1000/2896
candidate_progress=1500/2896
candidate_progress=2000/2896
candidate_progress=2500/2896
candidate_progress=2896/2896
beam_size=17 candidates=2887
candidate_progress=500/2887
candidate_progress=1000/2887
candidate_progress=1500/2887
candidate_progress=2000/2887
candidate_progress=2500/2887
candidate_progress=2887/2887
beam_size=18 candidates=2877
candidate_progress=500/2877
candidate_progress=1000/2877
candidate_progress=1500/2877
candidate_progress=2000/2877
candidate_progress=2500/2877
candidate_progress=2877/2877
stage=final_time_series_cv
finalist_progress=1/80 accuracy=0.5796
finalist_progress=2/80 accuracy=0.5796
finalist_progress=3/80 accuracy=0.5796
finalist_progress=4/80 accuracy=0.5796
finalist_progress=5/80 accuracy=0.5796
finalist_progress=6/80 accuracy=0.5796
finalist_progress=7/80 accuracy=0.5796
finalist_progress=8/80 accuracy=0.5796
finalist_progress=9/80 accuracy=0.5790
finalist_progress=10/80 accuracy=0.5790
finalist_progress=11/80 accuracy=0.5790
finalist_progress=12/80 accuracy=0.5790
finalist_progress=13/80 accuracy=0.5790
finalist_progress=14/80 accuracy=0.5790
finalist_progress=15/80 accuracy=0.5790
finalist_progress=16/80 accuracy=0.5790
finalist_progress=17/80 accuracy=0.5790
finalist_progress=18/80 accuracy=0.5790
finalist_progress=19/80 accuracy=0.5790
finalist_progress=20/80 accuracy=0.5790
finalist_progress=21/80 accuracy=0.5790
finalist_progress=22/80 accuracy=0.5790
finalist_progress=23/80 accuracy=0.5790
finalist_progress=24/80 accuracy=0.5790
finalist_progress=25/80 accuracy=0.5798
finalist_progress=26/80 accuracy=0.5798
finalist_progress=27/80 accuracy=0.5798
finalist_progress=28/80 accuracy=0.5798
finalist_progress=29/80 accuracy=0.5798
finalist_progress=30/80 accuracy=0.5798
finalist_progress=31/80 accuracy=0.5798
finalist_progress=32/80 accuracy=0.5798
finalist_progress=33/80 accuracy=0.5798
finalist_progress=34/80 accuracy=0.5798
finalist_progress=35/80 accuracy=0.5798
finalist_progress=36/80 accuracy=0.5798
finalist_progress=37/80 accuracy=0.5798
finalist_progress=38/80 accuracy=0.5798
finalist_progress=39/80 accuracy=0.5798
finalist_progress=40/80 accuracy=0.5798
finalist_progress=41/80 accuracy=0.5777
finalist_progress=42/80 accuracy=0.5777
finalist_progress=43/80 accuracy=0.5777
finalist_progress=44/80 accuracy=0.5777
finalist_progress=45/80 accuracy=0.5777
finalist_progress=46/80 accuracy=0.5777
finalist_progress=47/80 accuracy=0.5777
finalist_progress=48/80 accuracy=0.5777
finalist_progress=49/80 accuracy=0.5777
finalist_progress=50/80 accuracy=0.5777
finalist_progress=51/80 accuracy=0.5777
finalist_progress=52/80 accuracy=0.5777
finalist_progress=53/80 accuracy=0.5777
finalist_progress=54/80 accuracy=0.5777
finalist_progress=55/80 accuracy=0.5777
finalist_progress=56/80 accuracy=0.5777
finalist_progress=57/80 accuracy=0.5805
finalist_progress=58/80 accuracy=0.5805
finalist_progress=59/80 accuracy=0.5805
finalist_progress=60/80 accuracy=0.5805
finalist_progress=61/80 accuracy=0.5805
finalist_progress=62/80 accuracy=0.5805
finalist_progress=63/80 accuracy=0.5805
finalist_progress=64/80 accuracy=0.5805
finalist_progress=65/80 accuracy=0.5805
finalist_progress=66/80 accuracy=0.5805
finalist_progress=67/80 accuracy=0.5805
finalist_progress=68/80 accuracy=0.5805
finalist_progress=69/80 accuracy=0.5805
finalist_progress=70/80 accuracy=0.5805
finalist_progress=71/80 accuracy=0.5805
finalist_progress=72/80 accuracy=0.5805
finalist_progress=73/80 accuracy=0.5813
finalist_progress=74/80 accuracy=0.5813
finalist_progress=75/80 accuracy=0.5813
finalist_progress=76/80 accuracy=0.5813
finalist_progress=77/80 accuracy=0.5813
finalist_progress=78/80 accuracy=0.5813
finalist_progress=79/80 accuracy=0.5813
finalist_progress=80/80 accuracy=0.5813
stage=complete
best_validated_accuracy=0.5813
best_validated_features=14
best_validated_source=beam_size_14
